[2018-10-02 16:48:39.885] [sharedprocess] [info] main {"machineId":"c5153263e2a0000bf47932e8102b4b7b30b1909a30b52b84b5705edd1e13afc4"}
[2018-10-02 16:48:39.909] [sharedprocess] [info] Scanned user extensions: 2
[2018-10-02 16:48:40.115] [sharedprocess] [info] Scanned system extensions: 72
[2018-10-02 16:48:40.220] [sharedprocess] [info] Scanned user extensions: 2
[2018-10-02 16:48:40.225] [sharedprocess] [info] Scanned user extensions: 2
[2018-10-02 16:48:40.229] [sharedprocess] [info] Scanned user extensions: 2
[2018-10-02 16:48:40.252] [sharedprocess] [info] Scanned user extensions: 2
[2018-10-02 16:48:40.469] [sharedprocess] [info] Scanned system extensions: 72
[2018-10-02 16:48:40.479] [sharedprocess] [info] Scanned system extensions: 72
[2018-10-02 16:48:40.491] [sharedprocess] [info] Scanned system extensions: 72
[2018-10-02 16:48:41.736] [sharedprocess] [info] Scanned user extensions: 2
[2018-10-02 16:49:19.895] [sharedprocess] [info] Starting to clean up unused language packs.
[2018-10-02 16:49:19.898] [sharedprocess] [info] Skipping directory f4e5daeb91344341c9a73f3961dbf86b.ko. Language pack still in use.
[2018-10-02 16:53:41.828] [sharedprocess] [info] Scanned user extensions: 2
[2018-10-02 16:58:41.842] [sharedprocess] [info] Scanned user extensions: 2
[2018-10-02 17:03:41.863] [sharedprocess] [info] Scanned user extensions: 2
[2018-10-02 17:08:41.899] [sharedprocess] [info] Scanned user extensions: 2
[2018-10-02 17:13:41.925] [sharedprocess] [info] Scanned user extensions: 2
[2018-10-02 17:18:41.946] [sharedprocess] [info] Scanned user extensions: 2
[2018-10-02 17:23:41.967] [sharedprocess] [info] Scanned user extensions: 2
[2018-10-02 17:28:41.984] [sharedprocess] [info] Scanned user extensions: 2
[2018-10-02 17:33:41.997] [sharedprocess] [info] Scanned user extensions: 2
[2018-10-02 17:38:42.017] [sharedprocess] [info] Scanned user extensions: 2
[2018-10-02 17:43:42.040] [sharedprocess] [info] Scanned user extensions: 2
[2018-10-02 17:48:42.055] [sharedprocess] [info] Scanned user extensions: 2
[2018-10-02 17:53:42.083] [sharedprocess] [info] Scanned user extensions: 2
[2018-10-02 17:58:42.104] [sharedprocess] [info] Scanned user extensions: 2
[2018-10-02 18:03:42.129] [sharedprocess] [info] Scanned user extensions: 2
[2018-10-02 18:08:42.155] [sharedprocess] [info] Scanned user extensions: 2
[2018-10-02 18:13:42.175] [sharedprocess] [info] Scanned user extensions: 2
[2018-10-02 18:18:42.187] [sharedprocess] [info] Scanned user extensions: 2
[2018-10-02 18:23:42.211] [sharedprocess] [info] Scanned user extensions: 2
[2018-10-02 18:28:42.230] [sharedprocess] [info] Scanned user extensions: 2
[2018-10-02 18:33:42.252] [sharedprocess] [info] Scanned user extensions: 2
[2018-10-02 18:38:42.272] [sharedprocess] [info] Scanned user extensions: 2
[2018-10-02 18:43:42.282] [sharedprocess] [info] Scanned user extensions: 2
