[2018-10-04 09:41:37.092] [sharedprocess] [info] main {"machineId":"c5153263e2a0000bf47932e8102b4b7b30b1909a30b52b84b5705edd1e13afc4"}
[2018-10-04 09:41:37.259] [sharedprocess] [info] Scanned user extensions: 2
[2018-10-04 09:41:37.624] [sharedprocess] [info] Scanned system extensions: 72
[2018-10-04 09:41:38.457] [sharedprocess] [info] Scanned user extensions: 2
[2018-10-04 09:41:38.461] [sharedprocess] [info] Scanned user extensions: 2
[2018-10-04 09:41:38.767] [sharedprocess] [info] Scanned system extensions: 72
[2018-10-04 09:41:40.714] [sharedprocess] [info] Scanned user extensions: 2
[2018-10-04 09:41:40.839] [sharedprocess] [info] Scanned system extensions: 72
[2018-10-04 09:41:42.623] [sharedprocess] [info] Scanned user extensions: 2
[2018-10-04 09:42:17.170] [sharedprocess] [info] Starting to clean up unused language packs.
[2018-10-04 09:42:17.172] [sharedprocess] [info] Skipping directory f4e5daeb91344341c9a73f3961dbf86b.ko. Language pack still in use.
[2018-10-04 09:46:42.645] [sharedprocess] [info] Scanned user extensions: 2
[2018-10-04 09:51:42.665] [sharedprocess] [info] Scanned user extensions: 2
[2018-10-04 09:56:42.687] [sharedprocess] [info] Scanned user extensions: 2
[2018-10-04 10:01:42.707] [sharedprocess] [info] Scanned user extensions: 2
[2018-10-04 10:06:42.730] [sharedprocess] [info] Scanned user extensions: 2
[2018-10-04 10:11:42.750] [sharedprocess] [info] Scanned user extensions: 2
[2018-10-04 10:16:42.776] [sharedprocess] [info] Scanned user extensions: 2
[2018-10-04 10:21:42.795] [sharedprocess] [info] Scanned user extensions: 2
[2018-10-04 10:26:42.842] [sharedprocess] [info] Scanned user extensions: 2
