[2018-10-02 11:48:21.535] [sharedprocess] [info] main {"machineId":"c5153263e2a0000bf47932e8102b4b7b30b1909a30b52b84b5705edd1e13afc4"}
[2018-10-02 11:48:21.550] [sharedprocess] [info] Scanned user extensions: 2
[2018-10-02 11:48:21.647] [sharedprocess] [info] Scanned system extensions: 72
[2018-10-02 11:48:21.664] [sharedprocess] [info] Scanned user extensions: 2
[2018-10-02 11:48:21.668] [sharedprocess] [info] Scanned user extensions: 2
[2018-10-02 11:48:21.756] [sharedprocess] [info] Scanned system extensions: 72
[2018-10-02 11:48:25.488] [sharedprocess] [info] Scanned user extensions: 2
[2018-10-02 11:48:26.584] [sharedprocess] [info] Scanned user extensions: 2
[2018-10-02 11:48:26.767] [sharedprocess] [info] Scanned system extensions: 72
[2018-10-02 11:48:26.842] [sharedprocess] [info] Scanned user extensions: 2
[2018-10-02 11:48:26.932] [sharedprocess] [info] Scanned system extensions: 72
[2018-10-02 11:49:01.543] [sharedprocess] [info] Starting to clean up unused language packs.
[2018-10-02 11:49:01.551] [sharedprocess] [info] Skipping directory f4e5daeb91344341c9a73f3961dbf86b.ko. Language pack still in use.
[2018-10-02 11:53:25.561] [sharedprocess] [info] Scanned user extensions: 2
[2018-10-02 11:58:25.568] [sharedprocess] [info] Scanned user extensions: 2
[2018-10-02 12:03:25.576] [sharedprocess] [info] Scanned user extensions: 2
[2018-10-02 12:08:25.591] [sharedprocess] [info] Scanned user extensions: 2
[2018-10-02 12:13:25.598] [sharedprocess] [info] Scanned user extensions: 2
[2018-10-02 12:18:25.606] [sharedprocess] [info] Scanned user extensions: 2
[2018-10-02 12:23:25.615] [sharedprocess] [info] Scanned user extensions: 2
[2018-10-02 12:28:25.623] [sharedprocess] [info] Scanned user extensions: 2
[2018-10-02 12:33:25.630] [sharedprocess] [info] Scanned user extensions: 2
[2018-10-02 12:38:25.638] [sharedprocess] [info] Scanned user extensions: 2
[2018-10-02 12:43:25.644] [sharedprocess] [info] Scanned user extensions: 2
[2018-10-02 12:48:25.651] [sharedprocess] [info] Scanned user extensions: 2
[2018-10-02 12:53:25.658] [sharedprocess] [info] Scanned user extensions: 2
[2018-10-02 12:58:25.665] [sharedprocess] [info] Scanned user extensions: 2
[2018-10-02 13:03:25.672] [sharedprocess] [info] Scanned user extensions: 2
[2018-10-02 13:19:52.065] [sharedprocess] [info] Scanned user extensions: 2
[2018-10-02 13:24:52.073] [sharedprocess] [info] Scanned user extensions: 2
[2018-10-02 13:29:52.083] [sharedprocess] [info] Scanned user extensions: 2
[2018-10-02 13:34:52.093] [sharedprocess] [info] Scanned user extensions: 2
[2018-10-02 13:39:52.099] [sharedprocess] [info] Scanned user extensions: 2
[2018-10-02 13:44:52.107] [sharedprocess] [info] Scanned user extensions: 2
[2018-10-02 13:49:52.114] [sharedprocess] [info] Scanned user extensions: 2
[2018-10-02 13:54:52.122] [sharedprocess] [info] Scanned user extensions: 2
[2018-10-02 13:59:52.138] [sharedprocess] [info] Scanned user extensions: 2
[2018-10-02 14:04:52.159] [sharedprocess] [info] Scanned user extensions: 2
[2018-10-02 14:09:52.169] [sharedprocess] [info] Scanned user extensions: 2
[2018-10-02 14:14:52.176] [sharedprocess] [info] Scanned user extensions: 2
[2018-10-02 14:19:52.184] [sharedprocess] [info] Scanned user extensions: 2
[2018-10-02 14:24:52.193] [sharedprocess] [info] Scanned user extensions: 2
[2018-10-02 14:29:52.201] [sharedprocess] [info] Scanned user extensions: 2
[2018-10-02 14:34:52.208] [sharedprocess] [info] Scanned user extensions: 2
[2018-10-02 14:39:52.214] [sharedprocess] [info] Scanned user extensions: 2
[2018-10-02 14:44:52.225] [sharedprocess] [info] Scanned user extensions: 2
[2018-10-02 14:49:52.233] [sharedprocess] [info] Scanned user extensions: 2
[2018-10-02 14:54:52.241] [sharedprocess] [info] Scanned user extensions: 2
[2018-10-02 14:59:52.251] [sharedprocess] [info] Scanned user extensions: 2
[2018-10-02 15:04:52.258] [sharedprocess] [info] Scanned user extensions: 2
[2018-10-02 15:09:52.267] [sharedprocess] [info] Scanned user extensions: 2
[2018-10-02 15:14:52.277] [sharedprocess] [info] Scanned user extensions: 2
[2018-10-02 15:19:52.301] [sharedprocess] [info] Scanned user extensions: 2
[2018-10-02 15:24:52.309] [sharedprocess] [info] Scanned user extensions: 2
[2018-10-02 15:29:52.317] [sharedprocess] [info] Scanned user extensions: 2
[2018-10-02 15:34:52.324] [sharedprocess] [info] Scanned user extensions: 2
[2018-10-02 15:39:52.331] [sharedprocess] [info] Scanned user extensions: 2
[2018-10-02 15:44:52.339] [sharedprocess] [info] Scanned user extensions: 2
[2018-10-02 15:49:52.346] [sharedprocess] [info] Scanned user extensions: 2
[2018-10-02 15:54:52.354] [sharedprocess] [info] Scanned user extensions: 2
[2018-10-02 15:59:52.361] [sharedprocess] [info] Scanned user extensions: 2
[2018-10-02 16:04:52.370] [sharedprocess] [info] Scanned user extensions: 2
[2018-10-02 16:09:52.381] [sharedprocess] [info] Scanned user extensions: 2
[2018-10-02 16:14:52.399] [sharedprocess] [info] Scanned user extensions: 2
[2018-10-02 16:19:52.422] [sharedprocess] [info] Scanned user extensions: 2
[2018-10-02 16:24:52.430] [sharedprocess] [info] Scanned user extensions: 2
[2018-10-02 16:29:52.436] [sharedprocess] [info] Scanned user extensions: 2
[2018-10-02 16:34:52.444] [sharedprocess] [info] Scanned user extensions: 2
[2018-10-02 16:39:52.451] [sharedprocess] [info] Scanned user extensions: 2
[2018-10-02 16:44:52.460] [sharedprocess] [info] Scanned user extensions: 2
